<?xml version="1.0" encoding="UTF-8"?>
<!-- Generated by org.testng.reporters.JUnitReportReporter -->
<testsuite hostname="DESKTOP-6M9GUQS" failures="0" tests="2" name="grid.Selenium_Grid.TestExecution" time="35.054" errors="0" timestamp="2020-08-04T08:59:56 IST" skipped="0">
  <testcase classname="grid.Selenium_Grid.TestExecution" name="testParallel" time="17.209"/>
  <testcase classname="grid.Selenium_Grid.TestExecution" name="testParallel" time="17.845"/>
</testsuite> <!-- grid.Selenium_Grid.TestExecution -->
